<?xml version="1.0" encoding="UTF-8"?>
<!-- Generated by org.testng.reporters.JUnitReportReporter -->
<testsuite hostname="DESKTOP-H8MG6RR" failures="0" tests="1" name="TestNG.Test1" time="0.012" errors="0" timestamp="2021-02-03T09:32:41 IST" skipped="0">
  <testcase classname="TestNG.Test1" name="demo" time="0.012"/>
</testsuite> <!-- TestNG.Test1 -->
