<?xml version="1.0" encoding="UTF-8"?>
<!-- Generated by org.testng.reporters.JUnitReportReporter -->
<testsuite hostname="DESKTOP-H8MG6RR" failures="0" tests="1" name="TestNG.Test5" time="10.357" errors="0" timestamp="2021-02-03T10:07:51 IST" skipped="0">
  <testcase classname="TestNG.Test5" name="testcase2" time="10.357"/>
</testsuite> <!-- TestNG.Test5 -->
