<?xml version="1.0" encoding="UTF-8"?>
<!-- Generated by org.testng.reporters.JUnitReportReporter -->
<testsuite hostname="DESKTOP-H8MG6RR" failures="0" tests="1" name="TestNG.Test6" time="13.011" errors="0" timestamp="2021-02-03T10:09:04 IST" skipped="0">
  <testcase classname="TestNG.Test6" name="tc3" time="13.011"/>
</testsuite> <!-- TestNG.Test6 -->
