<?xml version="1.0" encoding="UTF-8"?>
<!-- Generated by org.testng.reporters.JUnitReportReporter -->
<testsuite hostname="DESKTOP-H8MG6RR" failures="0" tests="5" name="TestNG.Test2" time="0.021" errors="0" timestamp="2021-02-02T18:38:02 IST" skipped="1">
  <testcase classname="TestNG.Test2" name="chats" time="0.016"/>
  <testcase classname="TestNG.Test2" name="chats" time="0.001"/>
  <testcase classname="TestNG.Test2" name="chats" time="0.002"/>
  <testcase classname="TestNG.Test2" name="calls" time="0.002"/>
  <testcase classname="TestNG.Test2" name="block">
    <skipped/>
  </testcase> <!-- block -->
</testsuite> <!-- TestNG.Test2 -->
