<?xml version="1.0" encoding="UTF-8"?>
<!-- Generated by org.testng.reporters.JUnitReportReporter -->
<testsuite hostname="DESKTOP-H8MG6RR" failures="0" tests="1" name="TestNG.TestCase2" time="7.649" errors="0" timestamp="2021-02-04T23:32:55 IST" skipped="0">
  <testcase classname="TestNG.TestCase2" name="testcase2" time="7.649"/>
</testsuite> <!-- TestNG.TestCase2 -->
