<?xml version="1.0" encoding="UTF-8"?>
<!-- Generated by org.testng.reporters.JUnitReportReporter -->
<testsuite hostname="DESKTOP-H8MG6RR" failures="0" tests="1" name="TestNG.Test4" time="18.039" errors="0" timestamp="2021-02-03T10:07:51 IST" skipped="0">
  <testcase classname="TestNG.Test4" name="login" time="18.039"/>
</testsuite> <!-- TestNG.Test4 -->
