<?xml version="1.0" encoding="UTF-8"?>
<!-- Generated by org.testng.reporters.JUnitReportReporter -->
<testsuite hostname="DESKTOP-H8MG6RR" failures="0" tests="1" name="TestNG.Assert" time="13.232" errors="0" timestamp="2021-02-04T23:11:45 IST" skipped="0">
  <testcase classname="TestNG.Assert" name="login" time="13.232"/>
</testsuite> <!-- TestNG.Assert -->
