<?xml version="1.0" encoding="UTF-8"?>
<!-- Generated by org.testng.reporters.JUnitReportReporter -->
<testsuite hostname="DESKTOP-H8MG6RR" failures="0" tests="1" name="TestNG.Test3" time="0.008" errors="0" timestamp="2021-04-27T13:01:10 IST" skipped="0">
  <testcase classname="TestNG.Test3" name="test" time="0.008"/>
</testsuite> <!-- TestNG.Test3 -->
